<?xml version="1.0" encoding="UTF-8"?>
<!-- Generated by org.testng.reporters.JUnitXMLReporter -->
<testsuite hostname="DESKTOP-7C4CMDG" ignored="0" name="OrangeHRM Architecture" tests="7" failures="0" timestamp="03 Jan 2022 10:25:28 GMT" time="122.807" errors="0">
  <testcase name="LoginTest" time="8.779" classname="com.OrangeHRMFlow.TestCases.TC_001_Login"/>
  <testcase name="MyinfoTest" time="46.449" classname="com.OrangeHRMFlow.TestCases.TC_001_Myinfo"/>
  <testcase name="LoginTest" time="9.034" classname="com.OrangeHRMFlow.TestCases.TC_002_LoginTestData"/>
  <testcase name="LoginTest" time="2.024" classname="com.OrangeHRMFlow.TestCases.TC_002_LoginTestData"/>
  <testcase name="LoginTest" time="1.655" classname="com.OrangeHRMFlow.TestCases.TC_002_LoginTestData"/>
  <testcase name="LoginTest" time="1.616" classname="com.OrangeHRMFlow.TestCases.TC_002_LoginTestData"/>
  <testcase name="LoginTest" time="4.107" classname="com.OrangeHRMFlow.TestCases.TC_002_LoginTestData"/>
</testsuite> <!-- OrangeHRM Architecture -->
