<?xml version="1.0" encoding="UTF-8"?>
<!-- Generated by org.testng.reporters.JUnitXMLReporter -->
<testsuite ignored="0" hostname="DESKTOP-7C4CMDG" failures="0" tests="7" name="OrangeHRM Architecture" time="128.579" errors="0" timestamp="03 Jan 2022 15:43:35 GMT">
  <testcase classname="com.OrangeHRMFlow.TestCases.TC_001_Login" name="LoginTest" time="9.391"/>
  <testcase classname="com.OrangeHRMFlow.TestCases.TC_001_Myinfo" name="MyinfoTest" time="46.817"/>
  <testcase classname="com.OrangeHRMFlow.TestCases.TC_002_LoginTestData" name="LoginTest" time="10.33"/>
  <testcase classname="com.OrangeHRMFlow.TestCases.TC_002_LoginTestData" name="LoginTest" time="1.98"/>
  <testcase classname="com.OrangeHRMFlow.TestCases.TC_002_LoginTestData" name="LoginTest" time="1.684"/>
  <testcase classname="com.OrangeHRMFlow.TestCases.TC_002_LoginTestData" name="LoginTest" time="1.703"/>
  <testcase classname="com.OrangeHRMFlow.TestCases.TC_002_LoginTestData" name="LoginTest" time="4.504"/>
</testsuite> <!-- OrangeHRM Architecture -->
