<?xml version="1.0" encoding="UTF-8"?>
<testng-results ignored="0" total="7" passed="7" failed="0" skipped="0">
  <reporter-output>
  </reporter-output>
  <suite started-at="2022-01-03T15:41:26Z" name="OrangeHRM" finished-at="2022-01-03T15:43:35Z" duration-ms="128579">
    <groups>
    </groups>
    <test started-at="2022-01-03T15:41:26Z" name="OrangeHRM Architecture" finished-at="2022-01-03T15:43:35Z" duration-ms="128579">
      <class name="com.OrangeHRMFlow.TestCases.TC_001_Myinfo">
        <test-method is-config="true" signature="setup(java.lang.String)[pri:0, instance:com.OrangeHRMFlow.TestCases.TC_001_Myinfo@e4487af]" started-at="2022-01-03T15:41:51Z" name="setup" finished-at="2022-01-03T15:42:05Z" duration-ms="13379" status="PASS">
          <params>
            <param index="0">
              <value>
                <![CDATA[chrome]]>
              </value>
            </param>
          </params>
          <reporter-output>
          </reporter-output>
        </test-method> <!-- setup -->
        <test-method signature="MyinfoTest()[pri:0, instance:com.OrangeHRMFlow.TestCases.TC_001_Myinfo@e4487af]" started-at="2022-01-03T15:42:05Z" name="MyinfoTest" finished-at="2022-01-03T15:42:52Z" duration-ms="46817" status="PASS">
          <reporter-output>
          </reporter-output>
        </test-method> <!-- MyinfoTest -->
        <test-method is-config="true" signature="tearDown()[pri:0, instance:com.OrangeHRMFlow.TestCases.TC_001_Myinfo@e4487af]" started-at="2022-01-03T15:42:52Z" name="tearDown" finished-at="2022-01-03T15:42:52Z" duration-ms="687" status="PASS">
          <reporter-output>
          </reporter-output>
        </test-method> <!-- tearDown -->
      </class> <!-- com.OrangeHRMFlow.TestCases.TC_001_Myinfo -->
      <class name="com.OrangeHRMFlow.TestCases.TC_001_Login">
        <test-method is-config="true" signature="setup(java.lang.String)[pri:0, instance:com.OrangeHRMFlow.TestCases.TC_001_Login@687e99d8]" started-at="2022-01-03T15:41:27Z" name="setup" finished-at="2022-01-03T15:41:41Z" duration-ms="14109" status="PASS">
          <params>
            <param index="0">
              <value>
                <![CDATA[chrome]]>
              </value>
            </param>
          </params>
          <reporter-output>
          </reporter-output>
        </test-method> <!-- setup -->
        <test-method signature="LoginTest()[pri:0, instance:com.OrangeHRMFlow.TestCases.TC_001_Login@687e99d8]" started-at="2022-01-03T15:41:41Z" name="LoginTest" finished-at="2022-01-03T15:41:50Z" duration-ms="9391" status="PASS">
          <reporter-output>
          </reporter-output>
        </test-method> <!-- LoginTest -->
        <test-method is-config="true" signature="tearDown()[pri:0, instance:com.OrangeHRMFlow.TestCases.TC_001_Login@687e99d8]" started-at="2022-01-03T15:41:51Z" name="tearDown" finished-at="2022-01-03T15:41:51Z" duration-ms="854" status="PASS">
          <reporter-output>
          </reporter-output>
        </test-method> <!-- tearDown -->
      </class> <!-- com.OrangeHRMFlow.TestCases.TC_001_Login -->
      <class name="com.OrangeHRMFlow.TestCases.TC_002_LoginTestData">
        <test-method is-config="true" signature="setup(java.lang.String)[pri:0, instance:com.OrangeHRMFlow.TestCases.TC_002_LoginTestData@6aaceffd]" started-at="2022-01-03T15:42:52Z" name="setup" finished-at="2022-01-03T15:43:07Z" duration-ms="14659" status="PASS">
          <params>
            <param index="0">
              <value>
                <![CDATA[chrome]]>
              </value>
            </param>
          </params>
          <reporter-output>
          </reporter-output>
        </test-method> <!-- setup -->
        <test-method signature="LoginTest(java.lang.String, java.lang.String)[pri:0, instance:com.OrangeHRMFlow.TestCases.TC_002_LoginTestData@6aaceffd]" started-at="2022-01-03T15:43:13Z" name="LoginTest" data-provider="LoginData" finished-at="2022-01-03T15:43:23Z" duration-ms="10330" status="PASS">
          <params>
            <param index="0">
              <value>
                <![CDATA[Admin]]>
              </value>
            </param>
            <param index="1">
              <value>
                <![CDATA[admin123]]>
              </value>
            </param>
          </params>
          <reporter-output>
          </reporter-output>
        </test-method> <!-- LoginTest -->
        <test-method signature="LoginTest(java.lang.String, java.lang.String)[pri:0, instance:com.OrangeHRMFlow.TestCases.TC_002_LoginTestData@6aaceffd]" started-at="2022-01-03T15:43:23Z" name="LoginTest" data-provider="LoginData" finished-at="2022-01-03T15:43:25Z" duration-ms="1980" status="PASS">
          <params>
            <param index="0">
              <value>
                <![CDATA[Prachika]]>
              </value>
            </param>
            <param index="1">
              <value>
                <![CDATA[8983715640]]>
              </value>
            </param>
          </params>
          <reporter-output>
          </reporter-output>
        </test-method> <!-- LoginTest -->
        <test-method signature="LoginTest(java.lang.String, java.lang.String)[pri:0, instance:com.OrangeHRMFlow.TestCases.TC_002_LoginTestData@6aaceffd]" started-at="2022-01-03T15:43:25Z" name="LoginTest" data-provider="LoginData" finished-at="2022-01-03T15:43:27Z" duration-ms="1684" status="PASS">
          <params>
            <param index="0">
              <value>
                <![CDATA[Prachi]]>
              </value>
            </param>
            <param index="1">
              <value>
                <![CDATA[Prachi123]]>
              </value>
            </param>
          </params>
          <reporter-output>
          </reporter-output>
        </test-method> <!-- LoginTest -->
        <test-method signature="LoginTest(java.lang.String, java.lang.String)[pri:0, instance:com.OrangeHRMFlow.TestCases.TC_002_LoginTestData@6aaceffd]" started-at="2022-01-03T15:43:27Z" name="LoginTest" data-provider="LoginData" finished-at="2022-01-03T15:43:29Z" duration-ms="1703" status="PASS">
          <params>
            <param index="0">
              <value>
                <![CDATA[sonu]]>
              </value>
            </param>
            <param index="1">
              <value>
                <![CDATA[234456]]>
              </value>
            </param>
          </params>
          <reporter-output>
          </reporter-output>
        </test-method> <!-- LoginTest -->
        <test-method signature="LoginTest(java.lang.String, java.lang.String)[pri:0, instance:com.OrangeHRMFlow.TestCases.TC_002_LoginTestData@6aaceffd]" started-at="2022-01-03T15:43:29Z" name="LoginTest" data-provider="LoginData" finished-at="2022-01-03T15:43:33Z" duration-ms="4504" status="PASS">
          <params>
            <param index="0">
              <value>
                <![CDATA[Admin]]>
              </value>
            </param>
            <param index="1">
              <value>
                <![CDATA[admin123]]>
              </value>
            </param>
          </params>
          <reporter-output>
          </reporter-output>
        </test-method> <!-- LoginTest -->
        <test-method is-config="true" signature="tearDown()[pri:0, instance:com.OrangeHRMFlow.TestCases.TC_002_LoginTestData@6aaceffd]" started-at="2022-01-03T15:43:33Z" name="tearDown" finished-at="2022-01-03T15:43:35Z" duration-ms="1608" status="PASS">
          <reporter-output>
          </reporter-output>
        </test-method> <!-- tearDown -->
      </class> <!-- com.OrangeHRMFlow.TestCases.TC_002_LoginTestData -->
    </test> <!-- OrangeHRM Architecture -->
  </suite> <!-- OrangeHRM -->
</testng-results>
